<?xml version="1.0" encoding="UTF-8"?>
<!-- Generated by org.testng.reporters.JUnitReportReporter -->
<testsuite hostname="LAPTOP-DK6TK74Q" failures="0" tests="1" name="com.Vtiger.TC_001_CreateOrgWith_DDTest" time="38.042" errors="0" timestamp="2021-10-20T16:50:18 IST" skipped="0">
  <testcase classname="com.Vtiger.TC_001_CreateOrgWith_DDTest" name="TC001_createOrgwithDD" time="38.042"/>
  <system-out>
Create org. with dropdown is passed  </system-out>
</testsuite> <!-- com.Vtiger.TC_001_CreateOrgWith_DDTest -->
