<?xml version="1.0" encoding="UTF-8"?>
<!-- Generated by org.testng.reporters.JUnitReportReporter -->
<testsuite skipped="0" hostname="Amar" name="com.Vtiger.TC_002_CreateContactTest" tests="1" failures="0" timestamp="2021-10-26T15:10:00 IST" time="46.540" errors="0">
  <testcase name="createcontact" time="46.540" classname="com.Vtiger.TC_002_CreateContactTest"/>
  <system-out/>
</testsuite> <!-- com.Vtiger.TC_002_CreateContactTest -->
