<?xml version="1.0" encoding="UTF-8"?>
<!-- Generated by org.testng.reporters.JUnitReportReporter -->
<testsuite skipped="0" hostname="Amar" name="com.Vtiger.CreateOrgWith_DDTest" tests="1" failures="0" timestamp="06 Oct 2021 06:58:28 GMT" time="46.517" errors="0">
  <testcase name="TC001_createOrgwithDD" time="46.517" classname="com.Vtiger.CreateOrgWith_DDTest"/>
</testsuite> <!-- com.Vtiger.CreateOrgWith_DDTest -->
