<?xml version="1.0" encoding="UTF-8"?>
<!-- Generated by org.testng.reporters.JUnitReportReporter -->
<testsuite hostname="LAPTOP-DK6TK74Q" failures="0" tests="2" name="TestNg.practice.Sample1" time="0.014" errors="0" timestamp="2021-10-20T12:15:45 IST" skipped="0">
  <testcase classname="TestNg.practice.Sample1" name="createLead" time="0.005"/>
  <system-out/>
  <testcase classname="TestNg.practice.Sample1" name="createContact" time="0.009"/>
  <system-out/>
</testsuite> <!-- TestNg.practice.Sample1 -->
