<?xml version="1.0" encoding="UTF-8"?>
<!-- Generated by org.testng.reporters.JUnitReportReporter -->
<testsuite skipped="0" hostname="Amar" name="TestNg.practice.MavenTest" tests="1" failures="0" timestamp="2021-10-22T16:42:28 IST" time="0.028" errors="0">
  <testcase name="readDatafromCMD" time="0.028" classname="TestNg.practice.MavenTest"/>
  <system-out/>
</testsuite> <!-- TestNg.practice.MavenTest -->
