<?xml version="1.0" encoding="UTF-8"?>
<!-- Generated by org.testng.reporters.JUnitReportReporter -->
<testsuite skipped="2" hostname="Amar" name="com.Vtiger.TC_000_CreateOrg" tests="3" failures="0" timestamp="2022-01-24T19:59:35 IST" time="37.567" errors="0">
  <testcase name="createOrgTest" time="37.567" classname="com.Vtiger.TC_000_CreateOrg"/>
  <system-out/>
  <testcase name="TC001_createOrgwithDD" classname="com.Vtiger.TC_000_CreateOrg">
    <skipped/>
  </testcase> <!-- TC001_createOrgwithDD -->
  <system-out/>
  <testcase name="TC001_createOrgwithDD" classname="com.Vtiger.TC_000_CreateOrg">
    <skipped/>
  </testcase> <!-- TC001_createOrgwithDD -->
  <system-out/>
</testsuite> <!-- com.Vtiger.TC_000_CreateOrg -->
