<?xml version="1.0" encoding="UTF-8"?>
<!-- Generated by org.testng.reporters.JUnitReportReporter -->
<testsuite hostname="LAPTOP-DK6TK74Q" failures="0" tests="1" name="com.Vtiger.TC_002_CreateContactTest" time="50.852" errors="0" timestamp="2021-10-20T16:35:13 IST" skipped="0">
  <testcase classname="com.Vtiger.TC_002_CreateContactTest" name="createcontact" time="50.852"/>
  <system-out/>
</testsuite> <!-- com.Vtiger.TC_002_CreateContactTest -->
