<?xml version="1.0" encoding="UTF-8"?>
<!-- Generated by org.testng.reporters.JUnitReportReporter -->
<testsuite skipped="0" hostname="Amar" name="com.Vtiger.practice.AdminTest" tests="1" failures="0" timestamp="21 Oct 2021 05:49:46 GMT" time="29.119" errors="0">
  <testcase name="readDATAfromCMD" time="29.119" classname="com.Vtiger.practice.AdminTest"/>
</testsuite> <!-- com.Vtiger.practice.AdminTest -->
