<?xml version="1.0" encoding="UTF-8"?>
<!-- Generated by org.testng.reporters.JUnitReportReporter -->
<testsuite skipped="0" hostname="Amar" name="TestNg.practice.Sample1" tests="3" failures="0" timestamp="2021-10-22T11:56:29 IST" time="0.056" errors="0">
  <testcase name="QSP" time="0.012" classname="TestNg.practice.Sample1"/>
  <system-out/>
  <testcase name="TYSS" time="0.019" classname="TestNg.practice.Sample1"/>
  <system-out/>
  <testcase name="JSP" time="0.025" classname="TestNg.practice.Sample1"/>
  <system-out/>
</testsuite> <!-- TestNg.practice.Sample1 -->
