<?xml version="1.0" encoding="UTF-8"?>
<!-- Generated by org.testng.reporters.JUnitReportReporter -->
<testsuite skipped="1" hostname="Amar" name="com.practice.Sample" tests="1" failures="0" timestamp="2021-11-09T11:21:49 IST" time="34.216" errors="0">
  <testcase name="run1" time="34.216" classname="com.practice.Sample">
    <skipped/>
  </testcase> <!-- run1 -->
  <system-out/>
</testsuite> <!-- com.practice.Sample -->
