<?xml version="1.0" encoding="UTF-8"?>
<!-- Generated by org.testng.reporters.JUnitReportReporter -->
<testsuite skipped="0" hostname="Amar" name="com.Vtiger.TC_002_CreateContactTest" tests="1" failures="0" timestamp="06 Oct 2021 10:02:16 GMT" time="54.778" errors="0">
  <testcase name="createcontact" time="54.778" classname="com.Vtiger.TC_002_CreateContactTest"/>
</testsuite> <!-- com.Vtiger.TC_002_CreateContactTest -->
