<?xml version="1.0" encoding="UTF-8"?>
<!-- Generated by org.testng.reporters.JUnitReportReporter -->
<testsuite skipped="0" hostname="Amar" name="objectRepo.Sample1" tests="1" failures="0" timestamp="2021-10-22T12:46:32 IST" time="0.029" errors="0">
  <testcase name="test1" time="0.029" classname="objectRepo.Sample1"/>
  <system-out/>
</testsuite> <!-- objectRepo.Sample1 -->
