<?xml version="1.0" encoding="UTF-8"?>
<!-- Generated by org.testng.reporters.JUnitReportReporter -->
<testsuite skipped="0" hostname="Amar" name="com.Vtiger.TC_003_CreateContact_org_Test" tests="1" failures="0" timestamp="06 Oct 2021 10:22:51 GMT" time="79.272" errors="0">
  <testcase name="createcontactwith_Org" time="79.272" classname="com.Vtiger.TC_003_CreateContact_org_Test"/>
</testsuite> <!-- com.Vtiger.TC_003_CreateContact_org_Test -->
